<?xml version="1.0" ?>
<!DOCTYPE coverage SYSTEM 'http://cobertura.sourceforge.net/xml/coverage-03.dtd'>
<coverage line-rate="0.000" version="1.9" timestamp="1564035340">
	<sources>
		<source>/Users/isaacs/dev/js/nave/nave.sh/</source>
	</sources>
	<packages>
		<package name="add_named_env_sh" line-rate="0.000" branch-rate="1.0" complexity="1.0">
			<classes>
				<class name="nave_sh" filename="/Users/isaacs/dev/js/nave/nave.sh" line-rate="0.309">
					<lines>
						<line number="22" hits="1"/>
						<line number="23" hits="0"/>
						<line number="26" hits="1"/>
						<line number="27" hits="0"/>
						<line number="30" hits="0"/>
						<line number="34" hits="1"/>
						<line number="38" hits="2"/>
						<line number="39" hits="1"/>
						<line number="40" hits="1"/>
						<line number="41" hits="1"/>
						<line number="42" hits="0"/>
						<line number="43" hits="1"/>
						<line number="44" hits="0"/>
						<line number="46" hits="1"/>
						<line number="47" hits="1"/>
						<line number="48" hits="0"/>
						<line number="49" hits="0"/>
						<line number="52" hits="2"/>
						<line number="53" hits="6"/>
						<line number="54" hits="1"/>
						<line number="56" hits="0"/>
						<line number="57" hits="0"/>
						<line number="61" hits="1"/>
						<line number="64" hits="0"/>
						<line number="65" hits="0"/>
						<line number="67" hits="0"/>
						<line number="68" hits="0"/>
						<line number="69" hits="0"/>
						<line number="71" hits="0"/>
						<line number="72" hits="0"/>
						<line number="73" hits="0"/>
						<line number="75" hits="0"/>
						<line number="78" hits="0"/>
						<line number="81" hits="0"/>
						<line number="85" hits="0"/>
						<line number="89" hits="1"/>
						<line number="90" hits="1"/>
						<line number="91" hits="3"/>
						<line number="93" hits="1"/>
						<line number="94" hits="2"/>
						<line number="95" hits="1"/>
						<line number="96" hits="0"/>
						<line number="97" hits="0"/>
						<line number="99" hits="0"/>
						<line number="100" hits="0"/>
						<line number="103" hits="1"/>
						<line number="104" hits="1"/>
						<line number="108" hits="0"/>
						<line number="110" hits="0"/>
						<line number="114" hits="0"/>
						<line number="115" hits="0"/>
						<line number="117" hits="0"/>
						<line number="121" hits="16"/>
						<line number="122" hits="16"/>
						<line number="123" hits="16"/>
						<line number="127" hits="0"/>
						<line number="131" hits="7"/>
						<line number="135" hits="0"/>
						<line number="136" hits="0"/>
						<line number="140" hits="0"/>
						<line number="141" hits="0"/>
						<line number="142" hits="0"/>
						<line number="145" hits="0"/>
						<line number="146" hits="0"/>
						<line number="147" hits="0"/>
						<line number="149" hits="0"/>
						<line number="150" hits="0"/>
						<line number="151" hits="0"/>
						<line number="152" hits="0"/>
						<line number="153" hits="0"/>
						<line number="154" hits="0"/>
						<line number="155" hits="0"/>
						<line number="156" hits="0"/>
						<line number="160" hits="0"/>
						<line number="161" hits="0"/>
						<line number="162" hits="0"/>
						<line number="163" hits="0"/>
						<line number="167" hits="2"/>
						<line number="168" hits="2"/>
						<line number="169" hits="6"/>
						<line number="173" hits="2"/>
						<line number="174" hits="4"/>
						<line number="175" hits="4"/>
						<line number="176" hits="2"/>
						<line number="178" hits="4"/>
						<line number="180" hits="2"/>
						<line number="181" hits="2"/>
						<line number="183" hits="0"/>
						<line number="184" hits="0"/>
						<line number="187" hits="2"/>
						<line number="188" hits="0"/>
						<line number="189" hits="0"/>
						<line number="192" hits="2"/>
						<line number="193" hits="0"/>
						<line number="194" hits="0"/>
						<line number="197" hits="2"/>
						<line number="198" hits="2"/>
						<line number="199" hits="0"/>
						<line number="200" hits="0"/>
						<line number="203" hits="6"/>
						<line number="204" hits="2"/>
						<line number="205" hits="0"/>
						<line number="206" hits="0"/>
						<line number="207" hits="0"/>
						<line number="210" hits="2"/>
						<line number="211" hits="2"/>
						<line number="215" hits="0"/>
						<line number="216" hits="0"/>
						<line number="217" hits="0"/>
						<line number="218" hits="0"/>
						<line number="219" hits="0"/>
						<line number="221" hits="0"/>
						<line number="226" hits="2"/>
						<line number="227" hits="4"/>
						<line number="228" hits="4"/>
						<line number="229" hits="2"/>
						<line number="231" hits="2"/>
						<line number="232" hits="0"/>
						<line number="234" hits="2"/>
						<line number="235" hits="0"/>
						<line number="237" hits="2"/>
						<line number="238" hits="0"/>
						<line number="241" hits="2"/>
						<line number="242" hits="2"/>
						<line number="243" hits="2"/>
						<line number="245" hits="2"/>
						<line number="246" hits="2"/>
						<line number="247" hits="2"/>
						<line number="250" hits="2"/>
						<line number="253" hits="0"/>
						<line number="255" hits="2"/>
						<line number="256" hits="2"/>
						<line number="257" hits="2"/>
						<line number="258" hits="0"/>
						<line number="259" hits="0"/>
						<line number="260" hits="0"/>
						<line number="261" hits="0"/>
						<line number="262" hits="0"/>
						<line number="265" hits="2"/>
						<line number="266" hits="2"/>
						<line number="267" hits="2"/>
						<line number="269" hits="2"/>
						<line number="274" hits="4"/>
						<line number="278" hits="2"/>
						<line number="279" hits="4"/>
						<line number="280" hits="4"/>
						<line number="281" hits="2"/>
						<line number="283" hits="2"/>
						<line number="285" hits="2"/>
						<line number="288" hits="0"/>
						<line number="294" hits="4"/>
						<line number="295" hits="4"/>
						<line number="296" hits="0"/>
						<line number="297" hits="4"/>
						<line number="299" hits="4"/>
						<line number="300" hits="0"/>
						<line number="301" hits="0"/>
						<line number="302" hits="4"/>
						<line number="305" hits="0"/>
						<line number="310" hits="2"/>
						<line number="311" hits="2"/>
						<line number="312" hits="0"/>
						<line number="314" hits="2"/>
						<line number="315" hits="4"/>
						<line number="316" hits="2"/>
						<line number="318" hits="2"/>
						<line number="319" hits="4"/>
						<line number="320" hits="2"/>
						<line number="321" hits="2"/>
						<line number="323" hits="4"/>
						<line number="325" hits="0"/>
						<line number="330" hits="2"/>
						<line number="331" hits="2"/>
						<line number="334" hits="2"/>
						<line number="335" hits="2"/>
						<line number="336" hits="2"/>
						<line number="338" hits="0"/>
						<line number="339" hits="0"/>
						<line number="343" hits="0"/>
						<line number="345" hits="0"/>
						<line number="348" hits="0"/>
						<line number="349" hits="0"/>
						<line number="350" hits="0"/>
						<line number="351" hits="0"/>
						<line number="352" hits="0"/>
						<line number="354" hits="0"/>
						<line number="355" hits="0"/>
						<line number="356" hits="0"/>
						<line number="359" hits="0"/>
						<line number="360" hits="0"/>
						<line number="361" hits="0"/>
						<line number="363" hits="0"/>
						<line number="364" hits="0"/>
						<line number="365" hits="0"/>
						<line number="367" hits="0"/>
						<line number="368" hits="0"/>
						<line number="369" hits="0"/>
						<line number="375" hits="0"/>
						<line number="376" hits="0"/>
						<line number="377" hits="0"/>
						<line number="378" hits="0"/>
						<line number="379" hits="0"/>
						<line number="381" hits="0"/>
						<line number="384" hits="0"/>
						<line number="387" hits="0"/>
						<line number="390" hits="0"/>
						<line number="393" hits="0"/>
						<line number="401" hits="0"/>
						<line number="402" hits="0"/>
						<line number="403" hits="0"/>
						<line number="404" hits="0"/>
						<line number="406" hits="0"/>
						<line number="409" hits="0"/>
						<line number="410" hits="0"/>
						<line number="411" hits="0"/>
						<line number="412" hits="0"/>
						<line number="413" hits="0"/>
						<line number="414" hits="0"/>
						<line number="416" hits="0"/>
						<line number="418" hits="0"/>
						<line number="419" hits="0"/>
						<line number="420" hits="0"/>
						<line number="422" hits="0"/>
						<line number="425" hits="0"/>
						<line number="429" hits="0"/>
						<line number="430" hits="0"/>
						<line number="431" hits="0"/>
						<line number="433" hits="0"/>
						<line number="434" hits="0"/>
						<line number="435" hits="0"/>
						<line number="436" hits="0"/>
						<line number="437" hits="0"/>
						<line number="438" hits="0"/>
						<line number="439" hits="0"/>
						<line number="440" hits="0"/>
						<line number="443" hits="0"/>
						<line number="444" hits="0"/>
						<line number="445" hits="0"/>
						<line number="448" hits="0"/>
						<line number="452" hits="6"/>
						<line number="453" hits="3"/>
						<line number="454" hits="0"/>
						<line number="455" hits="0"/>
						<line number="457" hits="3"/>
						<line number="458" hits="1"/>
						<line number="460" hits="2"/>
						<line number="461" hits="2"/>
						<line number="463" hits="2"/>
						<line number="464" hits="2"/>
						<line number="465" hits="2"/>
						<line number="466" hits="0"/>
						<line number="467" hits="0"/>
						<line number="472" hits="0"/>
						<line number="473" hits="0"/>
						<line number="475" hits="0"/>
						<line number="476" hits="0"/>
						<line number="477" hits="0"/>
						<line number="478" hits="0"/>
						<line number="479" hits="0"/>
						<line number="480" hits="0"/>
						<line number="481" hits="0"/>
						<line number="482" hits="0"/>
						<line number="483" hits="0"/>
						<line number="484" hits="0"/>
						<line number="485" hits="0"/>
						<line number="486" hits="0"/>
						<line number="487" hits="0"/>
						<line number="488" hits="0"/>
						<line number="489" hits="0"/>
						<line number="490" hits="0"/>
						<line number="491" hits="0"/>
						<line number="492" hits="0"/>
						<line number="493" hits="0"/>
						<line number="497" hits="0"/>
						<line number="501" hits="0"/>
						<line number="502" hits="0"/>
						<line number="503" hits="0"/>
						<line number="508" hits="0"/>
						<line number="514" hits="0"/>
						<line number="515" hits="0"/>
						<line number="516" hits="0"/>
						<line number="519" hits="0"/>
						<line number="520" hits="0"/>
						<line number="547" hits="0"/>
						<line number="554" hits="0"/>
						<line number="555" hits="0"/>
						<line number="560" hits="0"/>
						<line number="561" hits="0"/>
						<line number="562" hits="0"/>
						<line number="563" hits="0"/>
						<line number="564" hits="0"/>
						<line number="565" hits="0"/>
						<line number="568" hits="0"/>
						<line number="569" hits="0"/>
						<line number="570" hits="0"/>
						<line number="572" hits="0"/>
						<line number="578" hits="0"/>
						<line number="584" hits="0"/>
						<line number="588" hits="0"/>
						<line number="589" hits="0"/>
						<line number="593" hits="0"/>
						<line number="598" hits="0"/>
						<line number="602" hits="20"/>
						<line number="603" hits="20"/>
						<line number="604" hits="20"/>
						<line number="605" hits="20"/>
						<line number="606" hits="0"/>
						<line number="607" hits="0"/>
						<line number="608" hits="0"/>
						<line number="609" hits="0"/>
						<line number="610" hits="0"/>
						<line number="611" hits="14"/>
						<line number="612" hits="6"/>
						<line number="617" hits="0"/>
						<line number="618" hits="0"/>
						<line number="619" hits="0"/>
						<line number="623" hits="0"/>
						<line number="627" hits="0"/>
						<line number="634" hits="0"/>
						<line number="639" hits="0"/>
						<line number="640" hits="0"/>
						<line number="642" hits="0"/>
						<line number="643" hits="0"/>
						<line number="646" hits="0"/>
						<line number="649" hits="0"/>
						<line number="655" hits="0"/>
						<line number="659" hits="0"/>
						<line number="660" hits="0"/>
						<line number="666" hits="0"/>
						<line number="667" hits="0"/>
						<line number="668" hits="0"/>
						<line number="669" hits="0"/>
						<line number="670" hits="0"/>
						<line number="671" hits="0"/>
						<line number="673" hits="0"/>
						<line number="674" hits="0"/>
						<line number="677" hits="0"/>
						<line number="678" hits="0"/>
						<line number="679" hits="0"/>
						<line number="683" hits="0"/>
						<line number="684" hits="0"/>
						<line number="688" hits="6"/>
						<line number="689" hits="3"/>
						<line number="693" hits="0"/>
						<line number="694" hits="0"/>
						<line number="695" hits="0"/>
						<line number="698" hits="0"/>
						<line number="701" hits="0"/>
						<line number="702" hits="0"/>
						<line number="703" hits="0"/>
						<line number="706" hits="0"/>
						<line number="708" hits="0"/>
						<line number="709" hits="0"/>
						<line number="710" hits="0"/>
						<line number="711" hits="0"/>
						<line number="713" hits="0"/>
						<line number="715" hits="0"/>
						<line number="719" hits="0"/>
						<line number="720" hits="0"/>
						<line number="721" hits="0"/>
						<line number="722" hits="0"/>
						<line number="723" hits="0"/>
						<line number="725" hits="0"/>
						<line number="726" hits="0"/>
						<line number="727" hits="0"/>
						<line number="728" hits="0"/>
						<line number="729" hits="0"/>
						<line number="731" hits="0"/>
						<line number="737" hits="0"/>
						<line number="741" hits="0"/>
						<line number="745" hits="0"/>
						<line number="746" hits="0"/>
						<line number="747" hits="0"/>
						<line number="748" hits="0"/>
						<line number="749" hits="0"/>
						<line number="750" hits="0"/>
						<line number="751" hits="0"/>
						<line number="752" hits="0"/>
						<line number="753" hits="0"/>
						<line number="754" hits="0"/>
						<line number="755" hits="0"/>
						<line number="758" hits="0"/>
						<line number="759" hits="0"/>
						<line number="760" hits="0"/>
						<line number="761" hits="0"/>
						<line number="762" hits="0"/>
						<line number="763" hits="0"/>
						<line number="766" hits="0"/>
						<line number="767" hits="0"/>
						<line number="769" hits="0"/>
						<line number="770" hits="0"/>
						<line number="771" hits="0"/>
						<line number="773" hits="0"/>
						<line number="775" hits="0"/>
						<line number="777" hits="0"/>
						<line number="782" hits="0"/>
						<line number="784" hits="0"/>
						<line number="787" hits="0"/>
						<line number="790" hits="0"/>
						<line number="791" hits="0"/>
						<line number="796" hits="0"/>
						<line number="797" hits="0"/>
						<line number="798" hits="0"/>
						<line number="805" hits="0"/>
						<line number="822" hits="0"/>
						<line number="823" hits="0"/>
						<line number="825" hits="0"/>
						<line number="826" hits="0"/>
						<line number="827" hits="0"/>
						<line number="830" hits="0"/>
						<line number="832" hits="0"/>
						<line number="833" hits="0"/>
						<line number="834" hits="0"/>
						<line number="835" hits="0"/>
						<line number="837" hits="0"/>
						<line number="839" hits="0"/>
						<line number="843" hits="0"/>
						<line number="844" hits="0"/>
						<line number="847" hits="0"/>
						<line number="849" hits="0"/>
						<line number="851" hits="0"/>
						<line number="852" hits="0"/>
						<line number="854" hits="0"/>
						<line number="859" hits="8"/>
						<line number="860" hits="8"/>
						<line number="861" hits="24"/>
						<line number="863" hits="8"/>
						<line number="864" hits="1"/>
						<line number="865" hits="1"/>
						<line number="868" hits="7"/>
						<line number="869" hits="8"/>
						<line number="871" hits="3"/>
						<line number="874" hits="7"/>
						<line number="875" hits="2"/>
						<line number="876" hits="2"/>
						<line number="877" hits="4"/>
						<line number="878" hits="2"/>
						<line number="879" hits="1"/>
						<line number="880" hits="1"/>
						<line number="885" hits="6"/>
						<line number="886" hits="2"/>
						<line number="889" hits="4"/>
						<line number="891" hits="4"/>
						<line number="892" hits="4"/>
						<line number="893" hits="4"/>
						<line number="894" hits="1"/>
						<line number="895" hits="1"/>
						<line number="898" hits="3"/>
						<line number="899" hits="3"/>
						<line number="900" hits="3"/>
						<line number="901" hits="3"/>
						<line number="903" hits="3"/>
						<line number="904" hits="3"/>
						<line number="905" hits="3"/>
						<line number="909" hits="0"/>
						<line number="913" hits="0"/>
						<line number="917" hits="0"/>
						<line number="964" hits="1"/>
						<line number="965" hits="0"/>
						<line number="967" hits="1"/>
					</lines>
				</class>
			</classes>
		</package>
	</packages>
</coverage>
